*********************************************************************
* LD Score Regression (LDSC)
* Version 1.0.1
* (C) 2014-2019 Brendan Bulik-Sullivan and Hilary Finucane
* Broad Institute of MIT and Harvard / MIT Department of Mathematics
* GNU General Public License v3
*********************************************************************
Call: 
./ldsc.py \
--h2 gwas/formatted_hapmap/PGC3_SCZ_wave3_european_autosome_v3_py3.sumstats.gz \
--ref-ld-chr data/baseline_Osimo/baseline.,data/EPs/annot_files/sig_ES_sig_contact_EPs_in_Neural_22k_100flank.,data/EPs/annot_files/notNeural_20k_100flank.,data/EPs/annot_files/PsychENCODE_DER_03b_PFC_enhancers_18k_100flank.,data/EPs/annot_files/ALL_BRAIN_EPs_1569_100flank.,data/EPs/annot_files/Radina_GRBs_hg19_mm10.98.50.,data/EPs/annot_files/Harmston_GRBs_hg19_galGal4. \
--out stratified_LDSC_out/2022_12_12_baseline_myGroups_100flank \
--overlap-annot  \
--frqfile-chr data/1000G_EUR_Phase3_plink/1000G.EUR.QC. \
--w-ld-chr data/weights_Osimo/weights. 

Beginning analysis at Mon Dec 12 16:46:32 2022
Reading summary statistics from gwas/formatted_hapmap/PGC3_SCZ_wave3_european_autosome_v3_py3.sumstats.gz ...
Read summary statistics for 1179335 SNPs.
Reading reference panel LD Score from data/baseline_Osimo/baseline.,data/EPs/annot_files/sig_ES_sig_contact_EPs_in_Neural_22k_100flank.,data/EPs/annot_files/notNeural_20k_100flank.,data/EPs/annot_files/PsychENCODE_DER_03b_PFC_enhancers_18k_100flank.,data/EPs/annot_files/ALL_BRAIN_EPs_1569_100flank.,data/EPs/annot_files/Radina_GRBs_hg19_mm10.98.50.,data/EPs/annot_files/Harmston_GRBs_hg19_galGal4.[1-22] ... (ldscore_fromlist)
Read reference panel LD Scores for 9997231 SNPs.
Removing partitioned LD Scores with zero variance.
Reading regression weight LD Score from data/weights_Osimo/weights.[1-22] ... (ldscore_fromlist)
Read regression weight LD Scores for 9997231 SNPs.
After merging with reference panel LD, 1168940 SNPs remain.
After merging with regression SNP LD, 1168940 SNPs remain.
Removed 40 SNPs with chi^2 > 130.644 (1168900 SNPs remain)
Total Observed scale h2: 0.3693 (0.0144)
Categories: baseL2_0 Coding_UCSCL2_0 Coding_UCSC.extend.500L2_0 Conserved_LindbladTohL2_0 Conserved_LindbladToh.extend.500L2_0 CTCF_HoffmanL2_0 CTCF_Hoffman.extend.500L2_0 DGF_ENCODEL2_0 DGF_ENCODE.extend.500L2_0 DHS_peaks_TrynkaL2_0 DHS_TrynkaL2_0 DHS_Trynka.extend.500L2_0 Enhancer_AnderssonL2_0 Enhancer_Andersson.extend.500L2_0 Enhancer_HoffmanL2_0 Enhancer_Hoffman.extend.500L2_0 FetalDHS_TrynkaL2_0 FetalDHS_Trynka.extend.500L2_0 H3K27ac_HniszL2_0 H3K27ac_Hnisz.extend.500L2_0 H3K27ac_PGC2L2_0 H3K27ac_PGC2.extend.500L2_0 H3K4me1_peaks_TrynkaL2_0 H3K4me1_TrynkaL2_0 H3K4me1_Trynka.extend.500L2_0 H3K4me3_peaks_TrynkaL2_0 H3K4me3_TrynkaL2_0 H3K4me3_Trynka.extend.500L2_0 H3K9ac_peaks_TrynkaL2_0 H3K9ac_TrynkaL2_0 H3K9ac_Trynka.extend.500L2_0 Intron_UCSCL2_0 Intron_UCSC.extend.500L2_0 PromoterFlanking_HoffmanL2_0 PromoterFlanking_Hoffman.extend.500L2_0 Promoter_UCSCL2_0 Promoter_UCSC.extend.500L2_0 Repressed_HoffmanL2_0 Repressed_Hoffman.extend.500L2_0 SuperEnhancer_HniszL2_0 SuperEnhancer_Hnisz.extend.500L2_0 TFBS_ENCODEL2_0 TFBS_ENCODE.extend.500L2_0 Transcribed_HoffmanL2_0 Transcribed_Hoffman.extend.500L2_0 TSS_HoffmanL2_0 TSS_Hoffman.extend.500L2_0 UTR_3_UCSCL2_0 UTR_3_UCSC.extend.500L2_0 UTR_5_UCSCL2_0 UTR_5_UCSC.extend.500L2_0 WeakEnhancer_HoffmanL2_0 WeakEnhancer_Hoffman.extend.500L2_0 L2_1 L2_2 L2_3 L2_4 L2_5 L2_6
Lambda GC: 1.7491
Mean Chi^2: 2.0545
Intercept: 1.0705 (0.0147)
Ratio: 0.0669 (0.0139)
Reading annot matrix from data/baseline_Osimo/baseline.,data/EPs/annot_files/sig_ES_sig_contact_EPs_in_Neural_22k_100flank.,data/EPs/annot_files/notNeural_20k_100flank.,data/EPs/annot_files/PsychENCODE_DER_03b_PFC_enhancers_18k_100flank.,data/EPs/annot_files/ALL_BRAIN_EPs_1569_100flank.,data/EPs/annot_files/Radina_GRBs_hg19_mm10.98.50.,data/EPs/annot_files/Harmston_GRBs_hg19_galGal4.[1-22] ... (annot)
Results printed to stratified_LDSC_out/2022_12_12_baseline_myGroups_100flank.results
Analysis finished at Mon Dec 12 16:57:09 2022
Total time elapsed: 10.0m:36.94s
